In file included from ../ext/bson.cc:36:
In file included from ../ext/bson.h:17:
../node_modules/nan/nan.h:261:25: error: redefinition of '_NanEnsureLocal'
NAN_INLINE v8::Local<T> _NanEnsureLocal(v8::Local<T> val) {
                        ^
../node_modules/nan/nan.h:256:25: note: previous definition is here
NAN_INLINE v8::Local<T> _NanEnsureLocal(v8::Handle<T> val) {
                        ^
../node_modules/nan/nan.h:661:13: error: no member named 'smalloc' in namespace 'node'
    , node::smalloc::FreeCallback callback
      ~~~~~~^
../node_modules/nan/nan.h:672:12: error: no matching function for call to 'New'
    return node::Buffer::New(v8::Isolate::GetCurrent(), data, size);
           ^~~~~~~~~~~~~~~~~
/Users/Eric/.node-gyp/5.8.0/include/node/node_buffer.h:31:40: note: candidate function not viable: no known conversion from 'uint32_t' (aka 'unsigned int') to 'enum encoding' for 3rd argument
NODE_EXTERN v8::MaybeLocal<v8::Object> New(v8::Isolate* isolate,
                                       ^
/Users/Eric/.node-gyp/5.8.0/include/node/node_buffer.h:43:40: note: candidate function not viable: 2nd argument ('const char *') would lose const qualifier
NODE_EXTERN v8::MaybeLocal<v8::Object> New(v8::Isolate* isolate,
                                       ^
/Users/Eric/.node-gyp/5.8.0/include/node/node_buffer.h:28:40: note: candidate function not viable: requires 2 arguments, but 3 were provided
NODE_EXTERN v8::MaybeLocal<v8::Object> New(v8::Isolate* isolate, size_t length);
                                       ^
/Users/Eric/.node-gyp/5.8.0/include/node/node_buffer.h:36:40: note: candidate function not viable: requires 5 arguments, but 3 were provided
NODE_EXTERN v8::MaybeLocal<v8::Object> New(v8::Isolate* isolate,
                                       ^
In file included from ../ext/bson.cc:36:
In file included from ../ext/bson.h:17:
../node_modules/nan/nan.h:676:12: error: no viable conversion from 'v8::MaybeLocal<v8::Object>' to 'v8::Local<v8::Object>'
    return node::Buffer::New(v8::Isolate::GetCurrent(), size);
           ^~~~~~~~~~~~~~~~~~~~~~~~~~~~~~~~~~~~~~~~~~~~~~~~~~
/Users/Eric/.node-gyp/5.8.0/include/node/v8.h:210:7: note: candidate constructor (the implicit copy constructor) not viable: no known conversion from 'v8::MaybeLocal<v8::Object>' to 'const v8::Local<v8::Object> &' for 1st argument
class Local {
      ^
/Users/Eric/.node-gyp/5.8.0/include/node/v8.h:210:7: note: candidate constructor (the implicit move constructor) not viable: no known conversion from 'v8::MaybeLocal<v8::Object>' to 'v8::Local<v8::Object> &&' for 1st argument
class Local {
      ^
/Users/Eric/.node-gyp/5.8.0/include/node/v8.h:214:13: note: candidate template ignored: could not match 'Local' against 'MaybeLocal'
  V8_INLINE Local(Local<S> that)
            ^
/Users/Eric/.node-gyp/5.8.0/include/node/v8.h:326:13: note: candidate template ignored: could not match 'S *' against 'v8::MaybeLocal<v8::Object>'
  V8_INLINE Local(S* that)
            ^
In file included from ../ext/bson.cc:36:
In file included from ../ext/bson.h:17:
../node_modules/nan/nan.h:683:26: error: no member named 'Use' in namespace 'node::Buffer'
    return node::Buffer::Use(v8::Isolate::GetCurrent(), data, size);
           ~~~~~~~~~~~~~~^
../ext/bson.cc:825:17: warning: 'DecodeBytes' is deprecated: Use DecodeBytes(isolate, ...) [-Wdeprecated-declarations]
                ssize_t len = DecodeBytes(args[0], BINARY);
                              ^
/Users/Eric/.node-gyp/5.8.0/include/node/node.h:318:32: note: 'DecodeBytes' has been explicitly marked deprecated here
                inline ssize_t DecodeBytes(
                               ^
/Users/Eric/.node-gyp/5.8.0/include/node/node.h:66:42: note: expanded from macro 'NODE_DEPRECATED'
    __attribute__((deprecated(message))) declarator
                                         ^
../ext/bson.cc:833:3: warning: 'DecodeWrite' is deprecated: Use DecodeWrite(isolate, ...) [-Wdeprecated-declarations]
                DecodeWrite(data, len, args[0], BINARY);
                ^
/Users/Eric/.node-gyp/5.8.0/include/node/node.h:331:32: note: 'DecodeWrite' has been explicitly marked deprecated here
                inline ssize_t DecodeWrite(char* buf,
                               ^
/Users/Eric/.node-gyp/5.8.0/include/node/node.h:66:42: note: expanded from macro 'NODE_DEPRECATED'
    __attribute__((deprecated(message))) declarator
                                         ^
../ext/bson.cc:928:28: warning: 'Encode' is deprecated: Use Encode(isolate, ...) [-Wdeprecated-declarations]
                Local<Value> bin_value = Encode(serialized_object, object_size, BINARY)->ToString();
                                         ^
/Users/Eric/.node-gyp/5.8.0/include/node/node.h:299:45: note: 'Encode' has been explicitly marked deprecated here
                inline v8::Local<v8::Value> Encode(
                                            ^
/Users/Eric/.node-gyp/5.8.0/include/node/node.h:66:42: note: expanded from macro 'NODE_DEPRECATED'
    __attribute__((deprecated(message))) declarator
                                         ^
In file included from ../ext/bson.cc:14:
/Users/Eric/.node-gyp/5.8.0/include/node/v8.h:221:5: error: assigning to 'v8::Primitive *volatile' from incompatible type 'v8::Value *'
    TYPE_CHECK(T, S);
    ^~~~~~~~~~~~~~~~
/Users/Eric/.node-gyp/5.8.0/include/node/v8.h:180:37: note: expanded from macro 'TYPE_CHECK'
    *(static_cast<T* volatile*>(0)) = static_cast<S*>(0);      \
                                    ^ ~~~~~~~~~~~~~~~~~~
../node_modules/nan/nan.h:414:12: note: in instantiation of function template specialization 'v8::Local<v8::Primitive>::Local<v8::Value>' requested here
    return NanEscapeScope(NanNew(v8::Undefined(v8::Isolate::GetCurrent())));
           ^
../node_modules/nan/nan.h:398:30: note: expanded from macro 'NanEscapeScope'
# define NanEscapeScope(val) scope.Escape(_NanEnsureLocal(val))
                             ^
In file included from ../ext/bson.cc:14:
/Users/Eric/.node-gyp/5.8.0/include/node/v8.h:221:5: error: assigning to 'v8::Boolean *volatile' from incompatible type 'v8::Value *'
    TYPE_CHECK(T, S);
    ^~~~~~~~~~~~~~~~
/Users/Eric/.node-gyp/5.8.0/include/node/v8.h:180:37: note: expanded from macro 'TYPE_CHECK'
    *(static_cast<T* volatile*>(0)) = static_cast<S*>(0);      \
                                    ^ ~~~~~~~~~~~~~~~~~~
../node_modules/nan/nan.h:424:12: note: in instantiation of function template specialization 'v8::Local<v8::Boolean>::Local<v8::Value>' requested here
    return NanEscapeScope(NanNew(v8::True(v8::Isolate::GetCurrent())));
           ^
../node_modules/nan/nan.h:398:30: note: expanded from macro 'NanEscapeScope'
# define NanEscapeScope(val) scope.Escape(_NanEnsureLocal(val))
                             ^
In file included from ../ext/bson.cc:14:
/Users/Eric/.node-gyp/5.8.0/include/node/v8.h:221:5: error: assigning to 'v8::Function *volatile' from incompatible type 'v8::Value *'
    TYPE_CHECK(T, S);
    ^~~~~~~~~~~~~~~~
/Users/Eric/.node-gyp/5.8.0/include/node/v8.h:180:37: note: expanded from macro 'TYPE_CHECK'
    *(static_cast<T* volatile*>(0)) = static_cast<S*>(0);      \
                                    ^ ~~~~~~~~~~~~~~~~~~
../node_modules/nan/nan.h:1514:12: note: in instantiation of function template specialization 'v8::Local<v8::Function>::Local<v8::Value>' requested here
    return NanEscapeScope(NanNew(handle)->Get(kCallbackIndex)
           ^
../node_modules/nan/nan.h:398:30: note: expanded from macro 'NanEscapeScope'
# define NanEscapeScope(val) scope.Escape(_NanEnsureLocal(val))
                             ^
In file included from ../ext/bson.cc:14:
/Users/Eric/.node-gyp/5.8.0/include/node/v8.h:221:5: error: assigning to 'v8::Object *volatile' from incompatible type 'v8::Value *'
    TYPE_CHECK(T, S);
    ^~~~~~~~~~~~~~~~
/Users/Eric/.node-gyp/5.8.0/include/node/v8.h:180:37: note: expanded from macro 'TYPE_CHECK'
    *(static_cast<T* volatile*>(0)) = static_cast<S*>(0);      \
                                    ^ ~~~~~~~~~~~~~~~~~~
../node_modules/nan/nan.h:1632:12: note: in instantiation of function template specialization 'v8::Local<v8::Object>::Local<v8::Value>' requested here
    return NanEscapeScope(handle->Get(NanNew(key)).As<v8::Object>());
           ^
../node_modules/nan/nan.h:398:30: note: expanded from macro 'NanEscapeScope'
# define NanEscapeScope(val) scope.Escape(_NanEnsureLocal(val))
                             ^
3 warnings and 9 errors generated.
make: *** [Release/obj.target/bson/ext/bson.o] Error 1
gyp ERR! build error 
gyp ERR! stack Error: `make` failed with exit code: 2
gyp ERR! stack     at ChildProcess.onExit (/usr/local/lib/node_modules/npm/node_modules/node-gyp/lib/build.js:276:23)
gyp ERR! stack     at emitTwo (events.js:100:13)
gyp ERR! stack     at ChildProcess.emit (events.js:185:7)
gyp ERR! stack     at Process.ChildProcess._handle.onexit (internal/child_process.js:204:12)
gyp ERR! System Darwin 15.3.0
gyp ERR! command "/usr/local/bin/node" "/usr/local/lib/node_modules/npm/node_modules/node-gyp/bin/node-gyp.js" "rebuild"
gyp ERR! cwd /Users/Eric/fullstack/capStone/comic-book/node_modules/bson
gyp ERR! node -v v5.8.0
gyp ERR! node-gyp -v v3.3.1
gyp ERR! not ok 
